<?xml version="1.0" encoding="UTF-8"?>
<!-- Generated by org.testng.reporters.JUnitReportReporter -->
<testsuite hostname="DESKTOP-FP9SJHM" name="DemoMavenProject.AppiumTest" tests="2" failures="0" timestamp="17 Apr 2020 18:33:44 GMT" time="0.015" errors="0">
  <testcase name="nativeAppAndroid" time="0.000" classname="DemoMavenProject.AppiumTest"/>
  <testcase name="iosApp" time="0.015" classname="DemoMavenProject.AppiumTest"/>
</testsuite> <!-- DemoMavenProject.AppiumTest -->
