<?xml version="1.0" encoding="UTF-8"?>
<!-- Generated by org.testng.reporters.JUnitReportReporter -->
<testsuite skipped="0" hostname="DESKTOP-FP9SJHM" name="DemoMavenProject.SeleniumTest" tests="2" failures="0" timestamp="17 Apr 2020 21:46:00 GMT" time="0.000" errors="0">
  <testcase name="BrowserAutomation" time="0.000" classname="DemoMavenProject.SeleniumTest"/>
  <testcase name="UIAutomation" time="0.000" classname="DemoMavenProject.SeleniumTest"/>
</testsuite> <!-- DemoMavenProject.SeleniumTest -->
